<?xml version="1.0" encoding="UTF-8"?>
<testng-results ignored="0" total="1" passed="1" failed="0" skipped="0">
  <reporter-output>
  </reporter-output>
  <suite started-at="2018-10-14T01:47:37 MSK" name="Data Driven Basics" finished-at="2018-10-14T01:47:40 MSK" duration-ms="3343">
    <groups>
    </groups>
    <test started-at="2018-10-14T01:47:37 MSK" name="LoginTest" finished-at="2018-10-14T01:47:40 MSK" duration-ms="3343">
      <class name="com.w2a.testcases.LoginTest">
        <test-method is-config="true" signature="setUp()[pri:0, instance:com.w2a.testcases.LoginTest@117e949d]" started-at="2018-10-14T01:47:33 MSK" name="setUp" finished-at="2018-10-14T01:47:37 MSK" duration-ms="3686" status="PASS">
          <reporter-output>
          </reporter-output>
        </test-method> <!-- setUp -->
        <test-method signature="loginAsBankManager()[pri:0, instance:com.w2a.testcases.LoginTest@117e949d]" started-at="2018-10-14T01:47:37 MSK" name="loginAsBankManager" finished-at="2018-10-14T01:47:40 MSK" duration-ms="3327" status="PASS">
          <reporter-output>
          </reporter-output>
        </test-method> <!-- loginAsBankManager -->
        <test-method is-config="true" signature="tearDown()[pri:0, instance:com.w2a.testcases.LoginTest@117e949d]" started-at="2018-10-14T01:47:40 MSK" name="tearDown" finished-at="2018-10-14T01:47:40 MSK" duration-ms="86" status="PASS">
          <reporter-output>
          </reporter-output>
        </test-method> <!-- tearDown -->
      </class> <!-- com.w2a.testcases.LoginTest -->
    </test> <!-- LoginTest -->
  </suite> <!-- Data Driven Basics -->
</testng-results>
